<?xml version="1.0" encoding="UTF-8"?>
<testsuite name="A new user account can be created if a proper unused username and password are given" tests="6" skipped="0" failures="0" errors="0" timestamp="2020-11-12T16:38:19" hostname="DESKTOP-L0C3P4H" time="0.343">
  <properties/>
  <testcase name="creation is successful with valid username and password" classname="A new user account can be created if a proper unused username and password are given" time="0.062"/>
  <testcase name="creation fails with too short username and valid password" classname="A new user account can be created if a proper unused username and password are given" time="0.05"/>
  <testcase name="creation fails with correct username and too short password" classname="A new user account can be created if a proper unused username and password are given" time="0.058"/>
  <testcase name="creation fails when password and password confirmation do not match" classname="A new user account can be created if a proper unused username and password are given" time="0.041"/>
  <testcase name="user can login with successfully generated account" classname="A new user account can be created if a proper unused username and password are given" time="0.067"/>
  <testcase name="user can not login with account that is not successfully created" classname="A new user account can be created if a proper unused username and password are given" time="0.065"/>
  <system-out><![CDATA[
Scenario: creation is successful with valid username and password                                       ?[90m# src/test/resources/ohtu/new_user.feature:3?[0m
  ?[32mGiven ?[0m?[32mcommand new user is selected?[0m                                                                    ?[90m# ohtu.Stepdefs.newUserSelected()?[0m
  ?[32mWhen ?[0m?[32ma valid username ?[0m?[32m?[1m"liisa"?[0m?[32m and password ?[0m?[32m?[1m"salainen1"?[0m?[32m and matching password confirmation are entered?[0m ?[90m# ohtu.Stepdefs.newValidUser(java.lang.String,java.lang.String)?[0m
  ?[32mThen ?[0m?[32ma new user is created?[0m                                                                            ?[90m# ohtu.Stepdefs.userCreatedSuccess()?[0m

Scenario: creation fails with too short username and valid password                                       ?[90m# src/test/resources/ohtu/new_user.feature:8?[0m
  ?[32mGiven ?[0m?[32mcommand new user is selected?[0m                                                                      ?[90m# ohtu.Stepdefs.newUserSelected()?[0m
  ?[32mWhen ?[0m?[32ma invalid username ?[0m?[32m?[1m"pe"?[0m?[32m and password ?[0m?[32m?[1m"gjaoijt328U#"?[0m?[32m and matching password confirmation are entered?[0m ?[90m# ohtu.Stepdefs.invalidUsername(java.lang.String,java.lang.String)?[0m
  ?[32mThen ?[0m?[32muser is not created and error ?[0m?[32m?[1m"username should have at least 3 characters"?[0m?[32m is reported?[0m             ?[90m# ohtu.Stepdefs.userIsNotCreatedAndErrorMessageIsGiven(java.lang.String)?[0m

Scenario: creation fails with correct username and too short password                                     ?[90m# src/test/resources/ohtu/new_user.feature:13?[0m
  ?[32mGiven ?[0m?[32mcommand new user is selected?[0m                                                                      ?[90m# ohtu.Stepdefs.newUserSelected()?[0m
  ?[32mWhen ?[0m?[32ma valid username ?[0m?[32m?[1m"liisa"?[0m?[32m and invalid password ?[0m?[32m?[1m"ye2"?[0m?[32m and matching password confirmation are entered?[0m ?[90m# ohtu.Stepdefs.passwordTooShort(java.lang.String,java.lang.String)?[0m
  ?[32mThen ?[0m?[32muser is not created and error ?[0m?[32m?[1m"password should have at least 8 characters"?[0m?[32m is reported?[0m             ?[90m# ohtu.Stepdefs.userIsNotCreatedAndErrorMessageIsGiven(java.lang.String)?[0m

Scenario: creation fails when password and password confirmation do not match                          ?[90m# src/test/resources/ohtu/new_user.feature:18?[0m
  ?[32mGiven ?[0m?[32mcommand new user is selected?[0m                                                                   ?[90m# ohtu.Stepdefs.newUserSelected()?[0m
  ?[32mWhen ?[0m?[32ma valid username ?[0m?[32m?[1m"sebbo"?[0m?[32m and valid password ?[0m?[32m?[1m"5r738HURri"?[0m?[32m but password confirmation do not match?[0m ?[90m# ohtu.Stepdefs.confirmationError(java.lang.String,java.lang.String)?[0m
  ?[32mThen ?[0m?[32muser is not created and error ?[0m?[32m?[1m"password and password confirmation do not match"?[0m?[32m is reported?[0m     ?[90m# ohtu.Stepdefs.userIsNotCreatedAndErrorMessageIsGiven(java.lang.String)?[0m

Scenario: user can login with successfully generated account                       ?[90m# src/test/resources/ohtu/new_user.feature:23?[0m
  ?[32mGiven ?[0m?[32muser with username ?[0m?[32m?[1m"lea"?[0m?[32m with password ?[0m?[32m?[1m"salainen1"?[0m?[32m is successfully created?[0m ?[90m# ohtu.Stepdefs.newUserCreation(java.lang.String,java.lang.String)?[0m
  ?[32mAnd ?[0m?[32mlogin is selected?[0m                                                            ?[90m# ohtu.Stepdefs.loginIsSelected()?[0m
  ?[32mWhen ?[0m?[32mcorrect username ?[0m?[32m?[1m"lea"?[0m?[32m and password ?[0m?[32m?[1m"salainen1"?[0m?[32m are given?[0m                   ?[90m# ohtu.Stepdefs.correctUsernameAndPasswordAreGiven(java.lang.String,java.lang.String)?[0m
  ?[32mThen ?[0m?[32muser is logged in?[0m                                                           ?[90m# ohtu.Stepdefs.userIsLoggedIn()?[0m

Scenario: user can not login with account that is not successfully created ?[90m# src/test/resources/ohtu/new_user.feature:29?[0m
  ?[32mGiven ?[0m?[32muser with username ?[0m?[32m?[1m"aa"?[0m?[32m and password ?[0m?[32m?[1m"bad"?[0m?[32m is tried to be created?[0m  ?[90m# ohtu.Stepdefs.invalidCreation(java.lang.String,java.lang.String)?[0m
  ?[32mAnd ?[0m?[32mlogin is selected?[0m                                                    ?[90m# ohtu.Stepdefs.loginIsSelected()?[0m
  ?[32mWhen ?[0m?[32musername ?[0m?[32m?[1m"aa"?[0m?[32m and password ?[0m?[32m?[1m"bad"?[0m?[32m are given?[0m                          ?[90m# ohtu.Stepdefs.usernameAndPasswordAreGiven(java.lang.String,java.lang.String)?[0m
  ?[32mThen ?[0m?[32muser is not logged in and error message is given?[0m                    ?[90m# ohtu.Stepdefs.userIsNotLoggedInAndErrorMessageIsGiven()?[0m
]]></system-out>
  <system-err><![CDATA[]]></system-err>
</testsuite>
